app/build/intermediates/manifest_merge_blame_file/debug/manifest-merger-blame-debug-report.txt
1<?xml version="1.0" encoding="utf-8"?>
2<manifest xmlns:android="http://schemas.android.com/apk/res/android"
3    package="com.moringaschool.android_ip_1"
4    android:versionCode="1"
5    android:versionName="1.0" >
6
7    <uses-sdk
8        android:minSdkVersion="25"
8-->src/main/AndroidManifest.xml
9        android:targetSdkVersion="31" />
9-->src/main/AndroidManifest.xml
10
11    <uses-permission android:name="android.permission.INTERNET" />
11-->src/main/AndroidManifest.xml:5:5-67
11-->src/main/AndroidManifest.xml:5:22-64
12    <uses-permission android:name="android.permission.ACCESS_NETWORK_STATE" />
12-->[com.google.firebase:firebase-auth:20.0.0] AndroidManifest.xml:24:5-79
12-->[com.google.firebase:firebase-auth:20.0.0] AndroidManifest.xml:24:22-76
13
14    <application
14-->src/main/AndroidManifest.xml:7:5-32:19
15        android:allowBackup="true"
15-->src/main/AndroidManifest.xml:8:9-35
16        android:appComponentFactory="androidx.core.app.CoreComponentFactory"
16-->[androidx.core:core:1.7.0] AndroidManifest.xml:24:18-86
17        android:debuggable="true"
18        android:extractNativeLibs="false"
19        android:icon="@mipmap/ic_launcher"
19-->src/main/AndroidManifest.xml:9:9-43
20        android:label="@string/app_name"
20-->src/main/AndroidManifest.xml:10:9-41
21        android:roundIcon="@mipmap/ic_launcher_round"
21-->src/main/AndroidManifest.xml:11:9-54
22        android:supportsRtl="true"
22-->src/main/AndroidManifest.xml:12:9-35
23        android:testOnly="true"
24        android:theme="@style/Theme.Android_Ip_1" >
24-->src/main/AndroidManifest.xml:13:9-50
25        <activity
25-->src/main/AndroidManifest.xml:14:9-16:40
26            android:name="com.moringaschool.android_ip_1.Animation"
26-->src/main/AndroidManifest.xml:15:13-38
27            android:exported="false" />
27-->src/main/AndroidManifest.xml:16:13-37
28        <activity
28-->src/main/AndroidManifest.xml:17:9-25:20
29            android:name="com.moringaschool.android_ip_1.UI.WelcomeActivity"
29-->src/main/AndroidManifest.xml:18:13-47
30            android:exported="true" >
30-->src/main/AndroidManifest.xml:19:13-36
31            <intent-filter>
31-->src/main/AndroidManifest.xml:20:13-24:29
32                <action android:name="android.intent.action.MAIN" />
32-->src/main/AndroidManifest.xml:21:17-69
32-->src/main/AndroidManifest.xml:21:25-66
33
34                <category android:name="android.intent.category.LAUNCHER" />
34-->src/main/AndroidManifest.xml:23:17-77
34-->src/main/AndroidManifest.xml:23:27-74
35            </intent-filter>
36        </activity>
37        <activity android:name="com.moringaschool.android_ip_1.UI.SignUpActivity" />
37-->src/main/AndroidManifest.xml:26:9-55
37-->src/main/AndroidManifest.xml:26:19-52
38        <activity android:name="com.moringaschool.android_ip_1.UI.LoginActivity" />
38-->src/main/AndroidManifest.xml:27:9-54
38-->src/main/AndroidManifest.xml:27:19-51
39        <activity android:name="com.moringaschool.android_ip_1.UI.MovieCastActivity" />
39-->src/main/AndroidManifest.xml:28:9-58
39-->src/main/AndroidManifest.xml:28:19-55
40        <activity android:name="com.moringaschool.android_ip_1.UI.DetailsActivity" />
40-->src/main/AndroidManifest.xml:29:9-56
40-->src/main/AndroidManifest.xml:29:19-53
41        <activity android:name="com.moringaschool.android_ip_1.UI.MovieSearchActivity" />
41-->src/main/AndroidManifest.xml:30:9-60
41-->src/main/AndroidManifest.xml:30:19-57
42        <activity android:name="com.moringaschool.android_ip_1.UI.MainActivity2" />
42-->src/main/AndroidManifest.xml:31:9-54
42-->src/main/AndroidManifest.xml:31:19-51
43
44        <provider
44-->[com.squareup.picasso:picasso:2.71828] AndroidManifest.xml:8:9-11:40
45            android:name="com.squareup.picasso.PicassoProvider"
45-->[com.squareup.picasso:picasso:2.71828] AndroidManifest.xml:9:13-64
46            android:authorities="com.moringaschool.android_ip_1.com.squareup.picasso"
46-->[com.squareup.picasso:picasso:2.71828] AndroidManifest.xml:10:13-72
47            android:exported="false" />
47-->[com.squareup.picasso:picasso:2.71828] AndroidManifest.xml:11:13-37
48
49        <activity
49-->[com.google.firebase:firebase-auth:20.0.0] AndroidManifest.xml:27:9-34:50
50            android:name="com.google.firebase.auth.internal.FederatedSignInActivity"
50-->[com.google.firebase:firebase-auth:20.0.0] AndroidManifest.xml:28:13-85
51            android:excludeFromRecents="true"
51-->[com.google.firebase:firebase-auth:20.0.0] AndroidManifest.xml:29:13-46
52            android:exported="true"
52-->[com.google.firebase:firebase-auth:20.0.0] AndroidManifest.xml:30:13-36
53            android:launchMode="singleTask"
53-->[com.google.firebase:firebase-auth:20.0.0] AndroidManifest.xml:31:13-44
54            android:permission="com.google.firebase.auth.api.gms.permission.LAUNCH_FEDERATED_SIGN_IN"
54-->[com.google.firebase:firebase-auth:20.0.0] AndroidManifest.xml:32:13-102
55            android:theme="@android:style/Theme.Translucent.NoTitleBar" />
55-->[com.google.firebase:firebase-auth:20.0.0] AndroidManifest.xml:33:13-72
56        <activity
56-->[com.google.firebase:firebase-auth:20.0.0] AndroidManifest.xml:35:9-52:20
57            android:name="com.google.firebase.auth.internal.GenericIdpActivity"
57-->[com.google.firebase:firebase-auth:20.0.0] AndroidManifest.xml:36:13-80
58            android:excludeFromRecents="true"
58-->[com.google.firebase:firebase-auth:20.0.0] AndroidManifest.xml:37:13-46
59            android:exported="true"
59-->[com.google.firebase:firebase-auth:20.0.0] AndroidManifest.xml:38:13-36
60            android:launchMode="singleTask"
60-->[com.google.firebase:firebase-auth:20.0.0] AndroidManifest.xml:39:13-44
61            android:theme="@android:style/Theme.Translucent.NoTitleBar" >
61-->[com.google.firebase:firebase-auth:20.0.0] AndroidManifest.xml:40:13-72
62            <intent-filter>
62-->[com.google.firebase:firebase-auth:20.0.0] AndroidManifest.xml:41:13-51:29
63                <action android:name="android.intent.action.VIEW" />
63-->[com.google.firebase:firebase-auth:20.0.0] AndroidManifest.xml:42:17-69
63-->[com.google.firebase:firebase-auth:20.0.0] AndroidManifest.xml:42:25-66
64
65                <category android:name="android.intent.category.DEFAULT" />
65-->[com.google.firebase:firebase-auth:20.0.0] AndroidManifest.xml:44:17-76
65-->[com.google.firebase:firebase-auth:20.0.0] AndroidManifest.xml:44:27-73
66                <category android:name="android.intent.category.BROWSABLE" />
66-->[com.google.firebase:firebase-auth:20.0.0] AndroidManifest.xml:45:17-78
66-->[com.google.firebase:firebase-auth:20.0.0] AndroidManifest.xml:45:27-75
67
68                <data
68-->[com.google.firebase:firebase-auth:20.0.0] AndroidManifest.xml:47:17-50:51
69                    android:host="firebase.auth"
69-->[com.google.firebase:firebase-auth:20.0.0] AndroidManifest.xml:48:21-49
70                    android:path="/"
70-->[com.google.firebase:firebase-auth:20.0.0] AndroidManifest.xml:49:21-37
71                    android:scheme="genericidp" />
71-->[com.google.firebase:firebase-auth:20.0.0] AndroidManifest.xml:50:21-48
72            </intent-filter>
73        </activity>
74        <activity
74-->[com.google.firebase:firebase-auth:20.0.0] AndroidManifest.xml:53:9-70:20
75            android:name="com.google.firebase.auth.internal.RecaptchaActivity"
75-->[com.google.firebase:firebase-auth:20.0.0] AndroidManifest.xml:54:13-79
76            android:excludeFromRecents="true"
76-->[com.google.firebase:firebase-auth:20.0.0] AndroidManifest.xml:55:13-46
77            android:exported="true"
77-->[com.google.firebase:firebase-auth:20.0.0] AndroidManifest.xml:56:13-36
78            android:launchMode="singleTask"
78-->[com.google.firebase:firebase-auth:20.0.0] AndroidManifest.xml:57:13-44
79            android:theme="@android:style/Theme.Translucent.NoTitleBar" >
79-->[com.google.firebase:firebase-auth:20.0.0] AndroidManifest.xml:58:13-72
80            <intent-filter>
80-->[com.google.firebase:firebase-auth:20.0.0] AndroidManifest.xml:59:13-69:29
81                <action android:name="android.intent.action.VIEW" />
81-->[com.google.firebase:firebase-auth:20.0.0] AndroidManifest.xml:42:17-69
81-->[com.google.firebase:firebase-auth:20.0.0] AndroidManifest.xml:42:25-66
82
83                <category android:name="android.intent.category.DEFAULT" />
83-->[com.google.firebase:firebase-auth:20.0.0] AndroidManifest.xml:44:17-76
83-->[com.google.firebase:firebase-auth:20.0.0] AndroidManifest.xml:44:27-73
84                <category android:name="android.intent.category.BROWSABLE" />
84-->[com.google.firebase:firebase-auth:20.0.0] AndroidManifest.xml:45:17-78
84-->[com.google.firebase:firebase-auth:20.0.0] AndroidManifest.xml:45:27-75
85
86                <data
86-->[com.google.firebase:firebase-auth:20.0.0] AndroidManifest.xml:47:17-50:51
87                    android:host="firebase.auth"
87-->[com.google.firebase:firebase-auth:20.0.0] AndroidManifest.xml:48:21-49
88                    android:path="/"
88-->[com.google.firebase:firebase-auth:20.0.0] AndroidManifest.xml:49:21-37
89                    android:scheme="recaptcha" />
89-->[com.google.firebase:firebase-auth:20.0.0] AndroidManifest.xml:50:21-48
90            </intent-filter>
91        </activity>
92
93        <service
93-->[com.google.firebase:firebase-auth:20.0.0] AndroidManifest.xml:72:9-81:19
94            android:name="com.google.firebase.auth.api.fallback.service.FirebaseAuthFallbackService"
94-->[com.google.firebase:firebase-auth:20.0.0] AndroidManifest.xml:73:13-101
95            android:enabled="true"
95-->[com.google.firebase:firebase-auth:20.0.0] AndroidManifest.xml:74:13-35
96            android:exported="false" >
96-->[com.google.firebase:firebase-auth:20.0.0] AndroidManifest.xml:75:13-37
97            <intent-filter>
97-->[com.google.firebase:firebase-auth:20.0.0] AndroidManifest.xml:76:13-80:29
98                <action android:name="com.google.firebase.auth.api.gms.service.START" />
98-->[com.google.firebase:firebase-auth:20.0.0] AndroidManifest.xml:77:17-89
98-->[com.google.firebase:firebase-auth:20.0.0] AndroidManifest.xml:77:25-86
99
100                <category android:name="android.intent.category.DEFAULT" />
100-->[com.google.firebase:firebase-auth:20.0.0] AndroidManifest.xml:44:17-76
100-->[com.google.firebase:firebase-auth:20.0.0] AndroidManifest.xml:44:27-73
101            </intent-filter>
102        </service>
103        <service
103-->[com.google.firebase:firebase-auth:20.0.0] AndroidManifest.xml:82:9-88:19
104            android:name="com.google.firebase.components.ComponentDiscoveryService"
104-->[com.google.firebase:firebase-auth:20.0.0] AndroidManifest.xml:83:13-84
105            android:directBootAware="true"
105-->[com.google.firebase:firebase-common:19.3.1] AndroidManifest.xml:35:13-43
106            android:exported="false" >
106-->[com.google.firebase:firebase-auth:20.0.0] AndroidManifest.xml:84:13-37
107            <meta-data
107-->[com.google.firebase:firebase-auth:20.0.0] AndroidManifest.xml:85:13-87:85
108                android:name="com.google.firebase.components:com.google.firebase.auth.FirebaseAuthRegistrar"
108-->[com.google.firebase:firebase-auth:20.0.0] AndroidManifest.xml:86:17-109
109                android:value="com.google.firebase.components.ComponentRegistrar" />
109-->[com.google.firebase:firebase-auth:20.0.0] AndroidManifest.xml:87:17-82
110            <meta-data
110-->[com.google.firebase:firebase-database:19.5.1] AndroidManifest.xml:32:13-34:85
111                android:name="com.google.firebase.components:com.google.firebase.database.DatabaseRegistrar"
111-->[com.google.firebase:firebase-database:19.5.1] AndroidManifest.xml:33:17-109
112                android:value="com.google.firebase.components.ComponentRegistrar" />
112-->[com.google.firebase:firebase-database:19.5.1] AndroidManifest.xml:34:17-82
113        </service>
114
115        <activity
115-->[com.google.android.gms:play-services-base:17.1.0] AndroidManifest.xml:23:9-26:75
116            android:name="com.google.android.gms.common.api.GoogleApiActivity"
116-->[com.google.android.gms:play-services-base:17.1.0] AndroidManifest.xml:24:13-79
117            android:exported="false"
117-->[com.google.android.gms:play-services-base:17.1.0] AndroidManifest.xml:25:13-37
118            android:theme="@android:style/Theme.Translucent.NoTitleBar" />
118-->[com.google.android.gms:play-services-base:17.1.0] AndroidManifest.xml:26:13-72
119
120        <provider
120-->[com.google.firebase:firebase-common:19.3.1] AndroidManifest.xml:26:9-31:39
121            android:name="com.google.firebase.provider.FirebaseInitProvider"
121-->[com.google.firebase:firebase-common:19.3.1] AndroidManifest.xml:27:13-77
122            android:authorities="com.moringaschool.android_ip_1.firebaseinitprovider"
122-->[com.google.firebase:firebase-common:19.3.1] AndroidManifest.xml:28:13-72
123            android:directBootAware="true"
123-->[com.google.firebase:firebase-common:19.3.1] AndroidManifest.xml:29:13-43
124            android:exported="false"
124-->[com.google.firebase:firebase-common:19.3.1] AndroidManifest.xml:30:13-37
125            android:initOrder="100" />
125-->[com.google.firebase:firebase-common:19.3.1] AndroidManifest.xml:31:13-36
126
127        <meta-data
127-->[com.google.android.gms:play-services-basement:17.1.0] AndroidManifest.xml:23:9-25:69
128            android:name="com.google.android.gms.version"
128-->[com.google.android.gms:play-services-basement:17.1.0] AndroidManifest.xml:24:13-58
129            android:value="@integer/google_play_services_version" />
129-->[com.google.android.gms:play-services-basement:17.1.0] AndroidManifest.xml:25:13-66
130
131        <provider
131-->[androidx.emoji2:emoji2:1.0.0] AndroidManifest.xml:26:9-34:20
132            android:name="androidx.startup.InitializationProvider"
132-->[androidx.emoji2:emoji2:1.0.0] AndroidManifest.xml:27:13-67
133            android:authorities="com.moringaschool.android_ip_1.androidx-startup"
133-->[androidx.emoji2:emoji2:1.0.0] AndroidManifest.xml:28:13-68
134            android:exported="false" >
134-->[androidx.emoji2:emoji2:1.0.0] AndroidManifest.xml:29:13-37
135            <meta-data
135-->[androidx.emoji2:emoji2:1.0.0] AndroidManifest.xml:31:13-33:52
136                android:name="androidx.emoji2.text.EmojiCompatInitializer"
136-->[androidx.emoji2:emoji2:1.0.0] AndroidManifest.xml:32:17-75
137                android:value="androidx.startup" />
137-->[androidx.emoji2:emoji2:1.0.0] AndroidManifest.xml:33:17-49
138            <meta-data
138-->[androidx.lifecycle:lifecycle-process:2.4.0] AndroidManifest.xml:31:13-33:52
139                android:name="androidx.lifecycle.ProcessLifecycleInitializer"
139-->[androidx.lifecycle:lifecycle-process:2.4.0] AndroidManifest.xml:32:17-78
140                android:value="androidx.startup" />
140-->[androidx.lifecycle:lifecycle-process:2.4.0] AndroidManifest.xml:33:17-49
141        </provider>
142    </application>
143
144</manifest>